[2025-07-03 09:53:36] ========== SISTEMA INICIADO ========== 
[2025-07-03 09:53:36] =====   FASE ATUAL: CADASTROS    ===== 
[2025-07-03 09:53:36] Dados da votacao carregados com sucesso. 
[2025-07-03 09:53:59] FALHA DE LOGIN: Identificador nao encontrado. 
[2025-07-03 09:54:27] LOGIN: Administrador fez login. 
[2025-07-03 09:54:43] Nova urna criada. Dados anteriores resetados. 
[2025-07-03 09:55:14] Novo candidato cadastrado no sistema! 
[2025-07-03 09:55:37] Novo candidato cadastrado no sistema! 
[2025-07-03 09:55:51] Novo candidato cadastrado no sistema! 
[2025-07-03 09:55:56] Tentativa de excluir candidato nao encontrado: Numero 6389588 
[2025-07-03 09:55:58] Tentativa de excluir candidato nao encontrado: Numero 6389588 
[2025-07-03 09:56:02] Tentativa de excluir candidato nao encontrado: Numero 6389588 
[2025-07-03 09:56:03] Tentativa de excluir candidato nao encontrado: Numero 6389588 
[2025-07-03 09:56:03] Tentativa de excluir candidato nao encontrado: Numero 6389588 
[2025-07-03 09:56:03] Tentativa de excluir candidato nao encontrado: Numero 6389588 
[2025-07-03 09:56:04] Tentativa de excluir candidato nao encontrado: Numero 6389588 
[2025-07-03 09:56:05] Tentativa de excluir candidato nao encontrado: Numero 6389588 
[2025-07-03 09:56:08] Tentativa de excluir candidato nao encontrado: Numero 6389588 
[2025-07-03 09:56:12] Tentativa de excluir candidato nao encontrado: Numero 6389588 
[2025-07-03 09:56:24] ========== SISTEMA INICIADO ========== 
[2025-07-03 09:56:24] =====   FASE ATUAL: CADASTROS    ===== 
[2025-07-03 09:56:24] Dados da votacao carregados com sucesso. 
[2025-07-03 09:56:28] FALHA DE LOGIN: Identificador nao encontrado. 
[2025-07-03 09:56:39] LOGIN: Administrador fez login. 
[2025-07-03 09:56:53] Novo candidato cadastrado no sistema! 
[2025-07-03 09:57:08] Novo candidato cadastrado no sistema! 
[2025-07-03 09:57:39] Novo candidato cadastrado no sistema! 
[2025-07-03 09:57:44] Candidato excluido (logicamente): Numero 3 
[2025-07-03 09:58:06] Candidatos salvos no arquivo TXT. 
[2025-07-03 09:58:06] Eleitores salvos no arquivo TXT. 
[2025-07-03 09:58:06] Estado da votacao salvo no arquivo TXT. 
[2025-07-03 09:58:06] Dados da votacao salvos com sucesso. 
[2025-07-03 09:58:26] Novo eleitor cadastrado no sistema! 
[2025-07-03 09:58:47] Novo eleitor cadastrado no sistema! 
[2025-07-03 09:59:19] Candidatos salvos no arquivo TXT. 
[2025-07-03 09:59:19] Eleitores salvos no arquivo TXT. 
[2025-07-03 09:59:19] Estado da votacao salvo no arquivo TXT. 
[2025-07-03 09:59:19] Dados da votacao salvos com sucesso. 
[2025-07-03 09:59:20] ========= SISTEMA FINALIZADO ========= 
[2025-07-03 10:00:06] ========== SISTEMA INICIADO ========== 
[2025-07-03 10:00:06] =====   FASE ATUAL: CADASTROS    ===== 
[2025-07-03 10:00:06] Candidatos carregados do arquivo TXT. 
[2025-07-03 10:00:06] Eleitores carregados do arquivo TXT. 
[2025-07-03 10:00:06] Estado da votacao carregado do arquivo TXT. 
[2025-07-03 10:00:06] Dados da votacao carregados com sucesso. 
[2025-07-03 10:00:16] FALHA DE LOGIN: Identificador nao encontrado. 
[2025-07-03 10:01:00] Novo eleitor cadastrado no sistema. 
[2025-07-03 10:01:00] Novo eleitor cadastrado no sistema! 
[2025-07-03 10:01:15] Novo eleitor cadastrado no sistema. 
[2025-07-03 10:01:15] Novo eleitor cadastrado no sistema! 
[2025-07-03 10:01:23] FALHA DE LOGIN: Identificador nao encontrado. 
[2025-07-03 10:01:34] LOGIN: Administrador fez login. 
[2025-07-03 10:01:50] Fase da votacao alterada para VOTACAO. 
[2025-07-03 10:02:20] Criacao de nova urna cancelada pelo usuario. 
[2025-07-03 10:04:22] Candidatos salvos no arquivo TXT. 
[2025-07-03 10:04:22] Eleitores salvos no arquivo TXT. 
[2025-07-03 10:04:22] Estado da votacao salvo no arquivo TXT. 
[2025-07-03 10:04:22] Dados da votacao salvos com sucesso. 
[2025-07-03 10:04:26] Candidatos salvos no arquivo TXT. 
[2025-07-03 10:04:26] Eleitores salvos no arquivo TXT. 
[2025-07-03 10:04:26] Estado da votacao salvo no arquivo TXT. 
[2025-07-03 10:04:26] Dados da votacao salvos com sucesso. 
[2025-07-03 10:04:27] ========= SISTEMA FINALIZADO ========= 
[2025-07-03 10:04:34] ========== SISTEMA INICIADO ========== 
[2025-07-03 10:04:34] =====   FASE ATUAL: CADASTROS    ===== 
[2025-07-03 10:04:34] Candidatos carregados do arquivo TXT. 
[2025-07-03 10:04:34] Eleitores carregados do arquivo TXT. 
[2025-07-03 10:04:34] Estado da votacao carregado do arquivo TXT. 
[2025-07-03 10:04:34] Dados da votacao carregados com sucesso. 
[2025-07-03 10:04:45] FALHA DE LOGIN: Identificador nao encontrado. 
[2025-07-03 10:04:51] FALHA DE LOGIN: Identificador nao encontrado. 
[2025-07-03 10:05:10] Candidatos salvos no arquivo TXT. 
[2025-07-03 10:05:10] Eleitores salvos no arquivo TXT. 
[2025-07-03 10:05:10] Estado da votacao salvo no arquivo TXT. 
[2025-07-03 10:05:10] Dados da votacao salvos com sucesso. 
[2025-07-03 10:05:10] ========= SISTEMA FINALIZADO ========= 
[2025-07-03 10:05:20] ========== SISTEMA INICIADO ========== 
[2025-07-03 10:05:20] =====   FASE ATUAL: CADASTROS    ===== 
[2025-07-03 10:05:20] Candidatos carregados do arquivo TXT. 
[2025-07-03 10:05:20] Eleitores carregados do arquivo TXT. 
[2025-07-03 10:05:20] Estado da votacao carregado do arquivo TXT. 
[2025-07-03 10:05:20] Dados da votacao carregados com sucesso. 
[2025-07-03 10:05:20] ========== SISTEMA INICIADO ========== 
[2025-07-03 10:05:20] =====   FASE ATUAL: CADASTROS    ===== 
[2025-07-03 10:05:20] Candidatos carregados do arquivo TXT. 
[2025-07-03 10:05:20] Eleitores carregados do arquivo TXT. 
[2025-07-03 10:05:20] Estado da votacao carregado do arquivo TXT. 
[2025-07-03 10:05:20] Dados da votacao carregados com sucesso. 
[2025-07-03 10:05:26] FALHA DE LOGIN: Identificador nao encontrado. 
[2025-07-03 10:05:33] FALHA DE LOGIN: Identificador nao encontrado. 
[2025-07-03 10:06:15] LOGIN: Administrador fez login. 
[2025-07-03 10:06:53] Fase da votacao alterada para VOTACAO. 
[2025-07-03 10:06:58] Fase da votacao alterada para APURACAO. 
[2025-07-03 10:07:07] Candidatos salvos no arquivo TXT. 
[2025-07-03 10:07:07] Eleitores salvos no arquivo TXT. 
[2025-07-03 10:07:07] Estado da votacao salvo no arquivo TXT. 
[2025-07-03 10:07:07] Dados da votacao salvos com sucesso. 
[2025-07-03 10:07:08] ========= SISTEMA FINALIZADO ========= 
